1496142148618	geckodriver	INFO	Listening on 127.0.0.1:49705
1496142150445	mozprofile::profile	INFO	Using profile path C:\Users\gkothako\AppData\Local\Temp\rust_mozprofile.VAz0l3MJ6UHP
1496142150463	geckodriver::marionette	INFO	Starting browser C:\Program Files (x86)\Mozilla Firefox\firefox.exe
1496142150516	geckodriver::marionette	INFO	Connecting to Marionette on localhost:49711
1496142151487	addons.manager	DEBUG	Application has been upgraded
1496142151558	addons.manager	DEBUG	Loaded provider scope for resource://gre/modules/addons/XPIProvider.jsm: ["XPIProvider"]
1496142151560	addons.manager	DEBUG	Loaded provider scope for resource://gre/modules/LightweightThemeManager.jsm: ["LightweightThemeManager"]
1496142151563	addons.manager	DEBUG	Loaded provider scope for resource://gre/modules/addons/GMPProvider.jsm
1496142151565	addons.manager	DEBUG	Loaded provider scope for resource://gre/modules/addons/PluginProvider.jsm
1496142151565	addons.manager	DEBUG	Starting provider: XPIProvider
1496142151566	addons.xpi	DEBUG	startup
1496142151566	addons.xpi	INFO	SystemAddonInstallLocation directory is missing
1496142151567	addons.xpi	INFO	Mapping aushelper@mozilla.org to C:\Program Files (x86)\Mozilla Firefox\browser\features\aushelper@mozilla.org.xpi
1496142151568	addons.xpi	INFO	Mapping e10srollout@mozilla.org to C:\Program Files (x86)\Mozilla Firefox\browser\features\e10srollout@mozilla.org.xpi
1496142151568	addons.xpi	INFO	Mapping firefox@getpocket.com to C:\Program Files (x86)\Mozilla Firefox\browser\features\firefox@getpocket.com.xpi
1496142151568	addons.xpi	INFO	Mapping webcompat@mozilla.org to C:\Program Files (x86)\Mozilla Firefox\browser\features\webcompat@mozilla.org.xpi
1496142151569	addons.xpi	INFO	Mapping {972ce4c6-7e08-4474-a285-3208198ce6fd} to C:\Program Files (x86)\Mozilla Firefox\browser\extensions\{972ce4c6-7e08-4474-a285-3208198ce6fd}.xpi
1496142151569	addons.xpi	DEBUG	checkForChanges
1496142151570	addons.xpi	DEBUG	Loaded add-on state from prefs: {}
1496142151570	addons.xpi	DEBUG	New add-on aushelper@mozilla.org in app-system-defaults
1496142151571	addons.xpi	DEBUG	getModTime: Recursive scan of aushelper@mozilla.org
1496142151571	addons.xpi	DEBUG	New add-on e10srollout@mozilla.org in app-system-defaults
1496142151572	addons.xpi	DEBUG	getModTime: Recursive scan of e10srollout@mozilla.org
1496142151572	addons.xpi	DEBUG	New add-on firefox@getpocket.com in app-system-defaults
1496142151572	addons.xpi	DEBUG	getModTime: Recursive scan of firefox@getpocket.com
1496142151573	addons.xpi	DEBUG	New add-on webcompat@mozilla.org in app-system-defaults
1496142151573	addons.xpi	DEBUG	getModTime: Recursive scan of webcompat@mozilla.org
1496142151573	addons.xpi	DEBUG	New add-on {972ce4c6-7e08-4474-a285-3208198ce6fd} in app-global
1496142151574	addons.xpi	DEBUG	getModTime: Recursive scan of {972ce4c6-7e08-4474-a285-3208198ce6fd}
1496142151574	addons.xpi	DEBUG	getInstallState changed: true, state: {"app-system-defaults":{"aushelper@mozilla.org":{"d":"C:\\Program Files (x86)\\Mozilla Firefox\\browser\\features\\aushelper@mozilla.org.xpi","st":1481246673000},"e10srollout@mozilla.org":{"d":"C:\\Program Files (x86)\\Mozilla Firefox\\browser\\features\\e10srollout@mozilla.org.xpi","st":1481246673000},"firefox@getpocket.com":{"d":"C:\\Program Files (x86)\\Mozilla Firefox\\browser\\features\\firefox@getpocket.com.xpi","st":1481246674000},"webcompat@mozilla.org":{"d":"C:\\Program Files (x86)\\Mozilla Firefox\\browser\\features\\webcompat@mozilla.org.xpi","st":1481246673000}},"app-global":{"{972ce4c6-7e08-4474-a285-3208198ce6fd}":{"d":"C:\\Program Files (x86)\\Mozilla Firefox\\browser\\extensions\\{972ce4c6-7e08-4474-a285-3208198ce6fd}.xpi","st":1481246673000}}}
1496142151582	addons.xpi-utils	DEBUG	Opening XPI database C:\Users\gkothako\AppData\Local\Temp\rust_mozprofile.VAz0l3MJ6UHP\extensions.json
1496142151584	addons.xpi-utils	DEBUG	New add-on aushelper@mozilla.org installed in app-system-defaults
*** Blocklist::_loadBlocklistFromFile: blocklist is disabled
1496142151593	DeferredSave.extensions.json	DEBUG	Save changes
1496142151594	addons.xpi-utils	DEBUG	New add-on e10srollout@mozilla.org installed in app-system-defaults
1496142151597	DeferredSave.extensions.json	DEBUG	Starting timer
1496142151598	DeferredSave.extensions.json	DEBUG	Save changes
1496142151598	addons.xpi-utils	DEBUG	New add-on firefox@getpocket.com installed in app-system-defaults
1496142151607	DeferredSave.extensions.json	DEBUG	Save changes
1496142151607	addons.xpi-utils	DEBUG	New add-on webcompat@mozilla.org installed in app-system-defaults
1496142151612	DeferredSave.extensions.json	DEBUG	Save changes
1496142151613	addons.xpi-utils	DEBUG	New add-on {972ce4c6-7e08-4474-a285-3208198ce6fd} installed in app-global
1496142151616	DeferredSave.extensions.json	DEBUG	Save changes
1496142151617	addons.manager	DEBUG	Registering startup change 'installed' for aushelper@mozilla.org
1496142151622	addons.xpi	DEBUG	Loading bootstrap scope from C:\Program Files (x86)\Mozilla Firefox\browser\features\aushelper@mozilla.org.xpi
1496142151627	addons.xpi	DEBUG	Calling bootstrap method install on aushelper@mozilla.org version 1.0
1496142151627	addons.xpi-utils	DEBUG	Make addon app-system-defaults:aushelper@mozilla.org visible
1496142151627	DeferredSave.extensions.json	DEBUG	Save changes
1496142151628	addons.manager	DEBUG	Registering startup change 'installed' for e10srollout@mozilla.org
1496142151628	addons.xpi	DEBUG	Loading bootstrap scope from C:\Program Files (x86)\Mozilla Firefox\browser\features\e10srollout@mozilla.org.xpi
1496142151637	addons.xpi	DEBUG	Calling bootstrap method install on e10srollout@mozilla.org version 1.5
1496142151638	addons.xpi-utils	DEBUG	Make addon app-system-defaults:e10srollout@mozilla.org visible
1496142151638	DeferredSave.extensions.json	DEBUG	Save changes
1496142151638	addons.manager	DEBUG	Registering startup change 'installed' for firefox@getpocket.com
1496142151639	addons.xpi	DEBUG	Loading bootstrap scope from C:\Program Files (x86)\Mozilla Firefox\browser\features\firefox@getpocket.com.xpi
1496142151644	addons.xpi	DEBUG	Calling bootstrap method install on firefox@getpocket.com version 1.0.5
1496142151644	addons.xpi-utils	DEBUG	Make addon app-system-defaults:firefox@getpocket.com visible
1496142151644	DeferredSave.extensions.json	DEBUG	Save changes
1496142151644	addons.manager	DEBUG	Registering startup change 'installed' for webcompat@mozilla.org
1496142151645	addons.xpi	DEBUG	Loading bootstrap scope from C:\Program Files (x86)\Mozilla Firefox\browser\features\webcompat@mozilla.org.xpi
1496142151646	addons.xpi	DEBUG	Calling bootstrap method install on webcompat@mozilla.org version 1.0
1496142151646	addons.xpi-utils	DEBUG	Make addon app-system-defaults:webcompat@mozilla.org visible
1496142151647	DeferredSave.extensions.json	DEBUG	Save changes
1496142151647	addons.xpi-utils	DEBUG	Make addon app-global:{972ce4c6-7e08-4474-a285-3208198ce6fd} visible
1496142151647	DeferredSave.extensions.json	DEBUG	Save changes
1496142151647	addons.xpi	DEBUG	Updating XPIState for {"id":"aushelper@mozilla.org","syncGUID":"{8efff06b-94f0-41fa-a62c-999ea6528757}","location":"app-system-defaults","version":"1.0","type":"extension","internalName":null,"updateURL":null,"updateKey":null,"optionsURL":null,"optionsType":null,"aboutURL":null,"icons":{},"iconURL":null,"icon64URL":null,"defaultLocale":{"name":"Application Update Service Helper","description":"Sets value(s) in the update url based on custom checks.","creator":null,"homepageURL":null},"visible":true,"active":true,"userDisabled":false,"appDisabled":false,"descriptor":"C:\\Program Files (x86)\\Mozilla Firefox\\browser\\features\\aushelper@mozilla.org.xpi","installDate":1481246673000,"updateDate":1481246673000,"applyBackgroundUpdates":1,"bootstrap":true,"skinnable":false,"size":5975,"sourceURI":null,"releaseNotesURI":null,"softDisabled":false,"foreignInstall":false,"hasBinaryComponents":false,"strictCompatibility":false,"locales":[],"targetApplications":[{"id":"{ec8030f7-c20a-464f-9b0e-13a3a9e97384}","minVersion":"50.1.0","maxVersion":"50.*"}],"targetPlatforms":[],"multiprocessCompatible":true,"seen":true}
1496142151647	addons.xpi	DEBUG	getModTime: Recursive scan of aushelper@mozilla.org
1496142151648	addons.xpi	DEBUG	Updating XPIState for {"id":"e10srollout@mozilla.org","syncGUID":"{85fd2dfe-18aa-4e5a-9957-24e21ac3f7b4}","location":"app-system-defaults","version":"1.5","type":"extension","internalName":null,"updateURL":null,"updateKey":null,"optionsURL":null,"optionsType":null,"aboutURL":null,"icons":{},"iconURL":null,"icon64URL":null,"defaultLocale":{"name":"Multi-process staged rollout","description":"Staged rollout of Firefox multi-process feature.","creator":null,"homepageURL":null},"visible":true,"active":true,"userDisabled":false,"appDisabled":false,"descriptor":"C:\\Program Files (x86)\\Mozilla Firefox\\browser\\features\\e10srollout@mozilla.org.xpi","installDate":1481246673000,"updateDate":1481246673000,"applyBackgroundUpdates":1,"bootstrap":true,"skinnable":false,"size":7210,"sourceURI":null,"releaseNotesURI":null,"softDisabled":false,"foreignInstall":false,"hasBinaryComponents":false,"strictCompatibility":false,"locales":[],"targetApplications":[{"id":"{ec8030f7-c20a-464f-9b0e-13a3a9e97384}","minVersion":"50.1.0","maxVersion":"50.*"}],"targetPlatforms":[],"multiprocessCompatible":false,"seen":true}
1496142151648	addons.xpi	DEBUG	getModTime: Recursive scan of e10srollout@mozilla.org
1496142151648	addons.xpi	DEBUG	Updating XPIState for {"id":"firefox@getpocket.com","syncGUID":"{b5990a09-821b-4dc0-9ce5-c2cdfbc78dd1}","location":"app-system-defaults","version":"1.0.5","type":"extension","internalName":null,"updateURL":null,"updateKey":null,"optionsURL":null,"optionsType":null,"aboutURL":null,"icons":{},"iconURL":null,"icon64URL":null,"defaultLocale":{"name":"Pocket","description":"When you find something you want to view later, put it in Pocket.","creator":null,"homepageURL":null},"visible":true,"active":true,"userDisabled":false,"appDisabled":false,"descriptor":"C:\\Program Files (x86)\\Mozilla Firefox\\browser\\features\\firefox@getpocket.com.xpi","installDate":1481246674000,"updateDate":1481246674000,"applyBackgroundUpdates":1,"bootstrap":true,"skinnable":false,"size":917398,"sourceURI":null,"releaseNotesURI":null,"softDisabled":false,"foreignInstall":false,"hasBinaryComponents":false,"strictCompatibility":false,"locales":[],"targetApplications":[{"id":"{ec8030f7-c20a-464f-9b0e-13a3a9e97384}","minVersion":"50.1.0","maxVersion":"50.*"}],"targetPlatforms":[],"multiprocessCompatible":false,"seen":true}
1496142151648	addons.xpi	DEBUG	getModTime: Recursive scan of firefox@getpocket.com
1496142151648	addons.xpi	DEBUG	Updating XPIState for {"id":"webcompat@mozilla.org","syncGUID":"{5f8ab1cb-c48a-4089-946d-b2bdd2ecc131}","location":"app-system-defaults","version":"1.0","type":"extension","internalName":null,"updateURL":null,"updateKey":null,"optionsURL":null,"optionsType":null,"aboutURL":null,"icons":{},"iconURL":null,"icon64URL":null,"defaultLocale":{"name":"Web Compat","description":"Urgent post-release fixes for web compatibility.","creator":null,"homepageURL":null},"visible":true,"active":true,"userDisabled":false,"appDisabled":false,"descriptor":"C:\\Program Files (x86)\\Mozilla Firefox\\browser\\features\\webcompat@mozilla.org.xpi","installDate":1481246673000,"updateDate":1481246673000,"applyBackgroundUpdates":1,"bootstrap":true,"skinnable":false,"size":1502,"sourceURI":null,"releaseNotesURI":null,"softDisabled":false,"foreignInstall":false,"hasBinaryComponents":false,"strictCompatibility":false,"locales":[],"targetApplications":[{"id":"{ec8030f7-c20a-464f-9b0e-13a3a9e97384}","minVersion":"50.1.0","maxVersion":"50.*"}],"targetPlatforms":[],"multiprocessCompatible":false,"seen":true}
1496142151649	addons.xpi	DEBUG	getModTime: Recursive scan of webcompat@mozilla.org
1496142151649	addons.xpi	DEBUG	Updating XPIState for {"id":"{972ce4c6-7e08-4474-a285-3208198ce6fd}","syncGUID":"{8eb20ef8-d9a4-4b34-bcd1-a7b9b02df9e6}","location":"app-global","version":"50.1.0","type":"theme","internalName":"classic/1.0","updateURL":null,"updateKey":null,"optionsURL":null,"optionsType":null,"aboutURL":null,"icons":{"32":"icon.png","48":"icon.png"},"iconURL":null,"icon64URL":null,"defaultLocale":{"name":"Default","description":"The default theme.","creator":"Mozilla","homepageURL":null,"contributors":["Mozilla Contributors"]},"visible":true,"active":true,"userDisabled":false,"appDisabled":false,"descriptor":"C:\\Program Files (x86)\\Mozilla Firefox\\browser\\extensions\\{972ce4c6-7e08-4474-a285-3208198ce6fd}.xpi","installDate":1481246673000,"updateDate":1481246673000,"applyBackgroundUpdates":1,"skinnable":true,"size":21152,"sourceURI":null,"releaseNotesURI":null,"softDisabled":false,"foreignInstall":false,"hasBinaryComponents":false,"strictCompatibility":true,"locales":[],"targetApplications":[{"id":"{ec8030f7-c20a-464f-9b0e-13a3a9e97384}","minVersion":"50.1.0","maxVersion":"50.1.0"}],"targetPlatforms":[],"seen":true}
1496142151649	addons.xpi	DEBUG	getModTime: Recursive scan of {972ce4c6-7e08-4474-a285-3208198ce6fd}
1496142151650	DeferredSave.extensions.json	DEBUG	Save changes
1496142151650	addons.xpi	DEBUG	Updating database with changes to installed add-ons
1496142151650	addons.xpi-utils	DEBUG	Updating add-on states
1496142151652	addons.xpi-utils	DEBUG	Writing add-ons list
1496142151655	addons.xpi	DEBUG	Registering manifest for C:\Program Files (x86)\Mozilla Firefox\browser\features\aushelper@mozilla.org.xpi
1496142151656	addons.xpi	DEBUG	Calling bootstrap method startup on aushelper@mozilla.org version 1.0
1496142151657	addons.xpi	DEBUG	Registering manifest for C:\Program Files (x86)\Mozilla Firefox\browser\features\e10srollout@mozilla.org.xpi
1496142151657	addons.xpi	DEBUG	Calling bootstrap method startup on e10srollout@mozilla.org version 1.5
1496142151658	addons.xpi	DEBUG	Registering manifest for C:\Program Files (x86)\Mozilla Firefox\browser\features\firefox@getpocket.com.xpi
1496142151658	addons.xpi	DEBUG	Calling bootstrap method startup on firefox@getpocket.com version 1.0.5
1496142151659	addons.xpi	DEBUG	Registering manifest for C:\Program Files (x86)\Mozilla Firefox\browser\features\webcompat@mozilla.org.xpi
1496142151660	addons.xpi	DEBUG	Calling bootstrap method startup on webcompat@mozilla.org version 1.0
1496142151661	addons.manager	DEBUG	Registering shutdown blocker for XPIProvider
1496142151662	addons.manager	DEBUG	Provider finished startup: XPIProvider
1496142151662	addons.manager	DEBUG	Starting provider: LightweightThemeManager
1496142151662	addons.manager	DEBUG	Registering shutdown blocker for LightweightThemeManager
1496142151662	addons.manager	DEBUG	Provider finished startup: LightweightThemeManager
1496142151662	addons.manager	DEBUG	Starting provider: GMPProvider
1496142151671	addons.manager	DEBUG	Registering shutdown blocker for GMPProvider
1496142151671	addons.manager	DEBUG	Provider finished startup: GMPProvider
1496142151671	addons.manager	DEBUG	Starting provider: PluginProvider
1496142151671	addons.manager	DEBUG	Registering shutdown blocker for PluginProvider
1496142151671	addons.manager	DEBUG	Provider finished startup: PluginProvider
1496142151672	addons.manager	DEBUG	Completed startup sequence
1496142152163	Marionette	INFO	Listening on port 49711
1496142152378	addons.manager	DEBUG	Starting provider: <unnamed-provider>
1496142152379	addons.manager	DEBUG	Registering shutdown blocker for <unnamed-provider>
1496142152379	addons.manager	DEBUG	Provider finished startup: <unnamed-provider>
1496142152456	addons.manager	DEBUG	Starting provider: PreviousExperimentProvider
1496142152456	addons.manager	DEBUG	Registering shutdown blocker for PreviousExperimentProvider
1496142152457	addons.manager	DEBUG	Provider finished startup: PreviousExperimentProvider
1496142152460	DeferredSave.extensions.json	DEBUG	Starting write
1496142152772	DeferredSave.extensions.json	DEBUG	Write succeeded
1496142152773	addons.xpi-utils	DEBUG	XPI Database saved, setting schema version preference to 17
1496142212420	addons.xpi	DEBUG	Calling bootstrap method shutdown on aushelper@mozilla.org version 1.0
1496142212421	addons.xpi	DEBUG	Calling bootstrap method shutdown on e10srollout@mozilla.org version 1.5
1496142212422	addons.xpi	DEBUG	Calling bootstrap method shutdown on firefox@getpocket.com version 1.0.5
1496142212423	addons.xpi	DEBUG	Calling bootstrap method shutdown on webcompat@mozilla.org version 1.0
1496142212574	addons.manager	DEBUG	shutdown
1496142212574	addons.manager	DEBUG	Calling shutdown blocker for XPIProvider
1496142212574	addons.xpi	DEBUG	shutdown
1496142212575	addons.xpi-utils	DEBUG	shutdown
1496142212575	addons.manager	DEBUG	Calling shutdown blocker for LightweightThemeManager
1496142212576	addons.manager	DEBUG	Calling shutdown blocker for GMPProvider
1496142212577	addons.manager	DEBUG	Calling shutdown blocker for PluginProvider
1496142212578	addons.manager	DEBUG	Calling shutdown blocker for <unnamed-provider>
1496142212579	addons.manager	DEBUG	Calling shutdown blocker for PreviousExperimentProvider
1496142212582	addons.xpi	DEBUG	Notifying XPI shutdown observers
1496142212586	addons.manager	DEBUG	Async provider shutdown done
deNotificationWidget%2CpostSharedMessage%2Creauth%2CsetNotificationWidgetHeight%2CsetNotificationWidgetSize%2CswitchTo%2CnavigateTo%2CsetNotificationText%2CsetNotificationAnimation%2CgetNotificationText%2CvalidateUser%2C_ready%2C_close%2C_open%2C_resizeMe%2C_renderstart&id=I1_1486559458242&parent=https%3A%2F%2Fmail.google.com&pfname=, line 22: Error: 
1486560138232	DeferredSave.extensions.json	DEBUG	Save changes
1486560138233	DeferredSave.extensions.json	DEBUG	Starting timer
1486560138254	DeferredSave.extensions.json	DEBUG	Starting write
1486560138261	DeferredSave.extensions.json	DEBUG	Write succeeded
1486638513255	addons.xpi	DEBUG	Calling bootstrap method shutdown on aushelper@mozilla.org version 1.0
1486638513255	addons.xpi	DEBUG	Calling bootstrap method shutdown on e10srollout@mozilla.org version 1.5
1486638513256	addons.xpi	DEBUG	Calling bootstrap method shutdown on firefox@getpocket.com version 1.0.5
1486638513256	addons.xpi	DEBUG	Calling bootstrap method shutdown on webcompat@mozilla.org version 1.0

###!!! [Child][MessageChannel] Error: (msgtype=0x4A011A,name=PContent::Msg_AsyncMessage) Channel closing: too late to send/recv, messages will be lost

JavaScript error: chrome://global/content/process-content.js, line 51: NS_ERROR_UNEXPECTED: Component returned failure code: 0x8000ffff (NS_ERROR_UNEXPECTED) [nsIMessageSender.sendAsyncMessage]

###!!! [Child][MessageChannel] Error: (msgtype=0x4A011A,name=PContent::Msg_AsyncMessage) Channel closing: too late to send/recv, messages will be lost

JavaScript error: chrome://global/content/process-content.js, line 51: NS_ERROR_UNEXPECTED: Component returned failure code: 0x8000ffff (NS_ERROR_UNEXPECTED) [nsIMessageSender.sendAsyncMessage]

###!!! [Child][MessageChannel] Error: (msgtype=0x4A011A,name=PContent::Msg_AsyncMessage) Channel closing: too late to send/recv, messages will be lost

JavaScript error: chrome://global/content/process-content.js, line 51: NS_ERROR_UNEXPECTED: Component returned failure code: 0x8000ffff (NS_ERROR_UNEXPECTED) [nsIMessageSender.sendAsyncMessage]

###!!! [Child][MessageChannel] Error: (msgtype=0x4A011A,name=PContent::Msg_AsyncMessage) Channel closing: too late to send/recv, messages will be lost

JavaScript error: chrome://global/content/process-content.js, line 51: NS_ERROR_UNEXPECTED: Component returned failure code: 0x8000ffff (NS_ERROR_UNEXPECTED) [nsIMessageSender.sendAsyncMessage]

###!!! [Child][MessageChannel] Error: (msgtype=0x4A011A,name=PContent::Msg_AsyncMessage) Channel closing: too late to send/recv, messages will be lost

JavaScript error: chrome://global/content/process-content.js, line 51: NS_ERROR_UNEXPECTED: Component returned failure code: 0x8000ffff (NS_ERROR_UNEXPECTED) [nsIMessageSender.sendAsyncMessage]

###!!! [Child][MessageChannel] Error: (msgtype=0x4A011A,name=PContent::Msg_AsyncMessage) Channel closing: too late to send/recv, messages will be lost

JavaScript error: chrome://global/content/process-content.js, line 51: NS_ERROR_UNEXPECTED: Component returned failure code: 0x8000ffff (NS_ERROR_UNEXPECTED) [nsIMessageSender.sendAsyncMessage]

###!!! [Child][MessageChannel] Error: (msgtype=0x4A011A,name=PContent::Msg_AsyncMessage) Channel closing: too late to send/recv, messages will be lost

JavaScript error: chrome://global/content/process-content.js, line 51: NS_ERROR_UNEXPECTED: Component returned failure code: 0x8000ffff (NS_ERROR_UNEXPECTED) [nsIMessageSender.sendAsyncMessage]

###!!! [Child][MessageChannel] Error: (msgtype=0x4A011A,name=PContent::Msg_AsyncMessage) Channel closing: too late to send/recv, messages will be lost

JavaScript error: chrome://global/content/process-content.js, line 51: NS_ERROR_UNEXPECTED: Component returned failure code: 0x8000ffff (NS_ERROR_UNEXPECTED) [nsIMessageSender.sendAsyncMessage]

###!!! [Child][MessageChannel] Error: (msgtype=0x4A011A,name=PContent::Msg_AsyncMessage) Channel closing: too late to send/recv, messages will be lost

JavaScript error: chrome://global/content/process-content.js, line 51: NS_ERROR_UNEXPECTED: Component returned failure code: 0x8000ffff (NS_ERROR_UNEXPECTED) [nsIMessageSender.sendAsyncMessage]

###!!! [Child][MessageChannel] Error: (msgtype=0x4A011A,name=PContent::Msg_AsyncMessage) Channel closing: too late to send/recv, messages will be lost

JavaScript error: chrome://global/content/process-content.js, line 51: NS_ERROR_UNEXPECTED: Component returned failure code: 0x8000ffff (NS_ERROR_UNEXPECTED) [nsIMessageSender.sendAsyncMessage]

###!!! [Child][MessageChannel] Error: (msgtype=0x4A011A,name=PContent::Msg_AsyncMessage) Channel closing: too late to send/recv, messages will be lost

JavaScript error: chrome://global/content/process-content.js, line 51: NS_ERROR_UNEXPECTED: Component returned failure code: 0x8000ffff (NS_ERROR_UNEXPECTED) [nsIMessageSender.sendAsyncMessage]

###!!! [Child][MessageChannel] Error: (msgtype=0x4A011A,name=PContent::Msg_AsyncMessage) Channel closing: too late to send/recv, messages will be lost

JavaScript error: chrome://global/content/process-content.js, line 51: NS_ERROR_UNEXPECTED: Component returned failure code: 0x8000ffff (NS_ERROR_UNEXPECTED) [nsIMessageSender.sendAsyncMessage]

###!!! [Child][MessageChannel] Error: (msgtype=0x4A011A,name=PContent::Msg_AsyncMessage) Channel closing: too late to send/recv, messages will be lost

JavaScript error: chrome://global/content/process-content.js, line 51: NS_ERROR_UNEXPECTED: Component returned failure code: 0x8000ffff (NS_ERROR_UNEXPECTED) [nsIMessageSender.sendAsyncMessage]

###!!! [Child][MessageChannel] Error: (msgtype=0x4A011A,name=PContent::Msg_AsyncMessage) Channel closing: too late to send/recv, messages will be lost

JavaScript error: chrome://global/content/process-content.js, line 51: NS_ERROR_UNEXPECTED: Component returned failure code: 0x8000ffff (NS_ERROR_UNEXPECTED) [nsIMessageSender.sendAsyncMessage]

###!!! [Child][MessageChannel] Error: (msgtype=0x4A011A,name=PContent::Msg_AsyncMessage) Channel closing: too late to send/recv, messages will be lost

JavaScript error: chrome://global/content/process-content.js, line 51: NS_ERROR_UNEXPECTED: Component returned failure code: 0x8000ffff (NS_ERROR_UNEXPECTED) [nsIMessageSender.sendAsyncMessage]

###!!! [Child][MessageChannel] Error: (msgtype=0x2E0045,name=PBrowser::Msg___delete__) Channel closing: too late to send/recv, messages will be lost


###!!! [Child][OnMaybeDequeueOne] Error: Channel closing: too late to send/recv, messages will be lost


###!!! [Child][OnMaybeDequeueOne] Error: Channel closing: too late to send/recv, messages will be lost


###!!! [Child][MessageChannel] Error: (msgtype=0x4A00C2,name=PContent::Msg_ConsoleMessage) Channel closing: too late to send/recv, messages will be lost

1486638513530	addons.manager	DEBUG	shutdown
1486638513532	addons.manager	DEBUG	Calling shutdown blocker for XPIProvider
1486638513532	addons.xpi	DEBUG	shutdown
1486638513532	addons.xpi-utils	DEBUG	shutdown
1486638513533	addons.manager	DEBUG	Calling shutdown blocker for LightweightThemeManager
1486638513534	addons.manager	DEBUG	Calling shutdown blocker for GMPProvider
1486638513537	addons.manager	DEBUG	Calling shutdown blocker for PluginProvider
1486638513538	addons.manager	DEBUG	Calling shutdown blocker for <unnamed-provider>
1486638513541	addons.manager	DEBUG	Calling shutdown blocker for PreviousExperimentProvider
1486638513546	addons.xpi	DEBUG	Notifying XPI shutdown observers
1486638513552	addons.manager	DEBUG	Async provider shutdown done
onent returned failure code: 0x8000ffff (NS_ERROR_UNEXPECTED) [nsIMessageSender.sendAsyncMessage]

###!!! [Child][MessageChannel] Error: (msgtype=0x4A011A,name=PContent::Msg_AsyncMessage) Channel closing: too late to send/recv, messages will be lost

JavaScript error: chrome://global/content/process-content.js, line 51: NS_ERROR_UNEXPECTED: Component returned failure code: 0x8000ffff (NS_ERROR_UNEXPECTED) [nsIMessageSender.sendAsyncMessage]

###!!! [Child][MessageChannel] Error: (msgtype=0x4A011A,name=PContent::Msg_AsyncMessage) Channel closing: too late to send/recv, messages will be lost

JavaScript error: chrome://global/content/process-content.js, line 51: NS_ERROR_UNEXPECTED: Component returned failure code: 0x8000ffff (NS_ERROR_UNEXPECTED) [nsIMessageSender.sendAsyncMessage]

###!!! [Child][MessageChannel] Error: (msgtype=0x4A011A,name=PContent::Msg_AsyncMessage) Channel closing: too late to send/recv, messages will be lost

JavaScript error: chrome://global/content/process-content.js, line 51: NS_ERROR_UNEXPECTED: Component returned failure code: 0x8000ffff (NS_ERROR_UNEXPECTED) [nsIMessageSender.sendAsyncMessage]
1486229668708	addons.xpi	DEBUG	Notifying XPI shutdown observers

###!!! [Child][MessageChannel] Error: (msgtype=0x2E0045,name=PBrowser::Msg___delete__) Channel closing: too late to send/recv, messages will be lost


###!!! [Child][OnMaybeDequeueOne] Error: Channel closing: too late to send/recv, messages will be lost


###!!! [Child][OnMaybeDequeueOne] Error: Channel closing: too late to send/recv, messages will be lost


###!!! [Child][OnMaybeDequeueOne] Error: Channel closing: too late to send/recv, messages will be lost


###!!! [Child][MessageChannel] Error: (msgtype=0x4A00C2,name=PContent::Msg_ConsoleMessage) Channel closing: too late to send/recv, messages will be lost

1486229668716	addons.manager	DEBUG	Async provider shutdown done
